>> Writing PID to tmp/pids/thin.pid
>> Thin web server (v1.5.1 codename Straight Razor)
>> Maximum connections set to 1024
>> Listening on 0.0.0.0:8080, CTRL+C to stop
>> Exiting!
/Users/stephensmithwick/.rvm/gems/ruby-1.9.3-p392@rhok-sydney/gems/thin-1.5.1/lib/thin/backends/tcp_server.rb:16:in `connect': cannot load such file -- thin/connection (LoadError)
	from /Users/stephensmithwick/.rvm/gems/ruby-1.9.3-p392@rhok-sydney/gems/thin-1.5.1/lib/thin/backends/base.rb:55:in `block in start'
	from /Users/stephensmithwick/.rvm/gems/ruby-1.9.3-p392@rhok-sydney/gems/eventmachine-1.0.3/lib/eventmachine.rb:187:in `call'
	from /Users/stephensmithwick/.rvm/gems/ruby-1.9.3-p392@rhok-sydney/gems/eventmachine-1.0.3/lib/eventmachine.rb:187:in `run_machine'
	from /Users/stephensmithwick/.rvm/gems/ruby-1.9.3-p392@rhok-sydney/gems/eventmachine-1.0.3/lib/eventmachine.rb:187:in `run'
	from /Users/stephensmithwick/.rvm/gems/ruby-1.9.3-p392@rhok-sydney/gems/thin-1.5.1/lib/thin/backends/base.rb:63:in `start'
	from /Users/stephensmithwick/.rvm/gems/ruby-1.9.3-p392@rhok-sydney/gems/thin-1.5.1/lib/thin/server.rb:159:in `start'
	from /Users/stephensmithwick/.rvm/gems/ruby-1.9.3-p392@rhok-sydney/gems/thin-1.5.1/lib/thin/controllers/controller.rb:86:in `start'
	from /Users/stephensmithwick/.rvm/gems/ruby-1.9.3-p392@rhok-sydney/gems/thin-1.5.1/lib/thin/runner.rb:187:in `run_command'
	from /Users/stephensmithwick/.rvm/gems/ruby-1.9.3-p392@rhok-sydney/gems/thin-1.5.1/lib/thin/runner.rb:152:in `run!'
	from /Users/stephensmithwick/.rvm/gems/ruby-1.9.3-p392@rhok-sydney/gems/thin-1.5.1/bin/thin:6:in `<top (required)>'
	from /Users/stephensmithwick/.rvm/gems/ruby-1.9.3-p392@rhok-sydney/bin/thin:19:in `load'
	from /Users/stephensmithwick/.rvm/gems/ruby-1.9.3-p392@rhok-sydney/bin/thin:19:in `<main>'
	from /Users/stephensmithwick/.rvm/gems/ruby-1.9.3-p392@rhok-sydney/bin/ruby_noexec_wrapper:14:in `eval'
	from /Users/stephensmithwick/.rvm/gems/ruby-1.9.3-p392@rhok-sydney/bin/ruby_noexec_wrapper:14:in `<main>'
